app/platforms/android/CordovaLib/build/outputs/logs/manifest-merger-debug-report.txt
-- Merging decision tree log ---
manifest
ADDED from android\CordovaLib\AndroidManifest.xml:20:1-21:97
INJECTED from android\CordovaLib\AndroidManifest.xml:20:1-21:97
INJECTED from android\CordovaLib\AndroidManifest.xml:20:1-21:97
INJECTED from android\CordovaLib\AndroidManifest.xml:20:1-21:97
INJECTED from android\CordovaLib\AndroidManifest.xml:20:1-21:97
INJECTED from android\CordovaLib\AndroidManifest.xml:20:1-21:97
INJECTED from android\CordovaLib\AndroidManifest.xml:20:1-21:97
	package
		ADDED from android\CordovaLib\AndroidManifest.xml:21:7-35
		INJECTED from android\CordovaLib\AndroidManifest.xml
		INJECTED from android\CordovaLib\AndroidManifest.xml
	android:versionName
		ADDED from android\CordovaLib\AndroidManifest.xml:21:36-61
		INJECTED from android\CordovaLib\AndroidManifest.xml
		INJECTED from android\CordovaLib\AndroidManifest.xml
	xmlns:android
		ADDED from android\CordovaLib\AndroidManifest.xml:20:11-69
	android:versionCode
		ADDED from android\CordovaLib\AndroidManifest.xml:21:62-85
		INJECTED from android\CordovaLib\AndroidManifest.xml
		INJECTED from android\CordovaLib\AndroidManifest.xml
uses-sdk
INJECTED from android\CordovaLib\AndroidManifest.xml reason: use-sdk injection requested
INJECTED from android\CordovaLib\AndroidManifest.xml
INJECTED from android\CordovaLib\AndroidManifest.xml
	android:minSdkVersion
		INJECTED from android\CordovaLib\AndroidManifest.xml
		ADDED from android\CordovaLib\AndroidManifest.xml
		INJECTED from android\CordovaLib\AndroidManifest.xml